0 info it worked if it ends with ok
1 verbose cli [ 'node',
1 verbose cli   '/Users/sam/.nvm/versions/node/v0.12.4/bin/npm',
1 verbose cli   'run',
1 verbose cli   'start' ]
2 info using npm@3.2.2
3 info using node@v0.12.4
4 verbose run-script [ 'prestart', 'start', 'poststart' ]
5 info prestart @
6 info start @
7 verbose unsafe-perm in lifecycle true
8 info @ Failed to exec start script
9 verbose stack Error: @ start: `gulp serve`
9 verbose stack Exit status 1
9 verbose stack     at EventEmitter.<anonymous> (/Users/sam/.nvm/versions/node/v0.12.4/lib/node_modules/npm/lib/utils/lifecycle.js:223:16)
9 verbose stack     at EventEmitter.emit (events.js:110:17)
9 verbose stack     at ChildProcess.<anonymous> (/Users/sam/.nvm/versions/node/v0.12.4/lib/node_modules/npm/lib/utils/spawn.js:24:14)
9 verbose stack     at ChildProcess.emit (events.js:110:17)
9 verbose stack     at maybeClose (child_process.js:1015:16)
9 verbose stack     at Process.ChildProcess._handle.onexit (child_process.js:1087:5)
10 verbose pkgid @
11 verbose cwd /Users/sam/Desktop/repos/standup
12 error Darwin 14.0.0
13 error argv "node" "/Users/sam/.nvm/versions/node/v0.12.4/bin/npm" "run" "start"
14 error node v0.12.4
15 error npm  v3.2.2
16 error code ELIFECYCLE
17 error @ start: `gulp serve`
17 error Exit status 1
18 error Failed at the @ start script 'gulp serve'.
18 error This is most likely a problem with the  package,
18 error not with npm itself.
18 error Tell the author that this fails on your system:
18 error     gulp serve
18 error You can get their info via:
18 error     npm owner ls
18 error There is likely additional logging output above.
19 verbose exit [ 1, true ]
